\BOOKMARK [1][-]{section.1}{\376\377\000I\000n\000t\000r\000o\000d\000u\000c\000t\000i\000o\000n}{}% 1
\BOOKMARK [1][-]{section.2}{\376\377\000R\000e\000l\000a\000t\000e\000d\000\040\000W\000o\000r\000k}{}% 2
\BOOKMARK [1][-]{section.3}{\376\377\000M\000e\000t\000h\000o\000d\000o\000l\000o\000g\000y}{}% 3
\BOOKMARK [2][-]{subsection.3.1}{\376\377\000S\000t\000e\000p\000\040\0001\000:\000\040\000L\000e\000a\000r\000n\000a\000b\000i\000l\000i\000t\000y\000\040\000T\000e\000s\000t\000i\000n\000g}{section.3}% 4
\BOOKMARK [2][-]{subsection.3.2}{\376\377\000S\000t\000e\000p\000\040\0002\000:\000\040\000A\000r\000t\000i\000c\000u\000l\000a\000t\000i\000o\000n\000\040\000T\000e\000s\000t\000i\000n\000g}{section.3}% 5
\BOOKMARK [2][-]{subsection.3.3}{\376\377\000S\000t\000e\000p\000\040\0003\000:\000\040\000F\000a\000i\000t\000h\000f\000u\000l\000n\000e\000s\000s\000\040\000T\000e\000s\000t\000i\000n\000g}{section.3}% 6
\BOOKMARK [2][-]{subsection.3.4}{\376\377\000R\000u\000l\000e\000\040\000D\000a\000t\000a\000s\000e\000t}{section.3}% 7
\BOOKMARK [2][-]{subsection.3.5}{\376\377\000M\000o\000d\000e\000l\000s\000\040\000a\000n\000d\000\040\000E\000x\000p\000e\000r\000i\000m\000e\000n\000t\000a\000l\000\040\000S\000e\000t\000u\000p}{section.3}% 8
\BOOKMARK [1][-]{section.4}{\376\377\000R\000e\000s\000u\000l\000t\000s}{}% 9
\BOOKMARK [2][-]{subsection.4.1}{\376\377\000L\000e\000a\000r\000n\000a\000b\000i\000l\000i\000t\000y\000:\000\040\000M\000o\000d\000e\000l\000s\000\040\000S\000u\000c\000c\000e\000s\000s\000f\000u\000l\000l\000y\000\040\000L\000e\000a\000r\000n\000\040\0007\0001\000\045\000\040\000o\000f\000\040\000C\000a\000n\000d\000i\000d\000a\000t\000e\000\040\000R\000u\000l\000e\000s}{section.4}% 10
\BOOKMARK [2][-]{subsection.4.2}{\376\377\000A\000r\000t\000i\000c\000u\000l\000a\000t\000i\000o\000n\000:\000\040\000H\000i\000g\000h\000\040\000F\000u\000n\000c\000t\000i\000o\000n\000a\000l\000\040\000A\000c\000c\000u\000r\000a\000c\000y\000\040\000D\000e\000s\000p\000i\000t\000e\000\040\000L\000o\000w\000\040\000S\000e\000m\000a\000n\000t\000i\000c\000\040\000A\000g\000r\000e\000e\000m\000e\000n\000t}{section.4}% 11
\BOOKMARK [3][-]{subsubsection.4.2.1}{\376\377\000F\000u\000n\000c\000t\000i\000o\000n\000a\000l\000\040\000v\000s\000\040\000S\000e\000m\000a\000n\000t\000i\000c\000\040\000E\000v\000a\000l\000u\000a\000t\000i\000o\000n}{subsection.4.2}% 12
\BOOKMARK [3][-]{subsubsection.4.2.2}{\376\377\000P\000r\000o\000m\000p\000t\000\040\000V\000a\000r\000i\000a\000t\000i\000o\000n\000\040\000E\000f\000f\000e\000c\000t\000s}{subsection.4.2}% 13
\BOOKMARK [3][-]{subsubsection.4.2.3}{\376\377\000C\000a\000t\000e\000g\000o\000r\000y\000-\000S\000p\000e\000c\000i\000f\000i\000c\000\040\000A\000r\000t\000i\000c\000u\000l\000a\000t\000i\000o\000n\000\040\000P\000e\000r\000f\000o\000r\000m\000a\000n\000c\000e}{subsection.4.2}% 14
\BOOKMARK [2][-]{subsection.4.3}{\376\377\000F\000a\000i\000t\000h\000f\000u\000l\000n\000e\000s\000s\000:\000\040\000A\000r\000t\000i\000c\000u\000l\000a\000t\000i\000o\000n\000s\000\040\000S\000h\000o\000w\000\040\0007\0000\000\045\000\040\000F\000a\000i\000t\000h\000f\000u\000l\000n\000e\000s\000s\000\040\000w\000i\000t\000h\000\040\000E\000v\000i\000d\000e\000n\000c\000e\000\040\000o\000f\000\040\000P\000o\000s\000t\000-\000H\000o\000c\000\040\000R\000a\000t\000i\000o\000n\000a\000l\000i\000z\000a\000t\000i\000o\000n}{section.4}% 15
\BOOKMARK [3][-]{subsubsection.4.3.1}{\376\377\000C\000o\000n\000t\000e\000x\000t\000\040\000M\000a\000t\000t\000e\000r\000s\000\040\000f\000o\000r\000\040\000F\000a\000i\000t\000h\000f\000u\000l\000n\000e\000s\000s}{subsection.4.3}% 16
\BOOKMARK [3][-]{subsubsection.4.3.2}{\376\377\000E\000v\000i\000d\000e\000n\000c\000e\000\040\000o\000f\000\040\000P\000o\000s\000t\000-\000H\000o\000c\000\040\000R\000a\000t\000i\000o\000n\000a\000l\000i\000z\000a\000t\000i\000o\000n}{subsection.4.3}% 17
\BOOKMARK [3][-]{subsubsection.4.3.3}{\376\377\000R\000e\000s\000e\000a\000r\000c\000h\000\040\000Q\000u\000e\000s\000t\000i\000o\000n\000\040\000A\000n\000a\000l\000y\000s\000i\000s}{subsection.4.3}% 18
\BOOKMARK [2][-]{subsection.4.4}{\376\377\000C\000a\000s\000e\000\040\000S\000t\000u\000d\000y\000:\000\040\000S\000t\000a\000t\000i\000s\000t\000i\000c\000a\000l\000\040\000R\000u\000l\000e\000s\000\040\000R\000e\000v\000e\000a\000l\000\040\000t\000h\000e\000\040\000A\000r\000t\000i\000c\000u\000l\000a\000t\000i\000o\000n\000\040\000G\000a\000p}{section.4}% 19
\BOOKMARK [1][-]{section.5}{\376\377\000D\000i\000s\000c\000u\000s\000s\000i\000o\000n}{}% 20
\BOOKMARK [2][-]{subsection.5.1}{\376\377\000M\000a\000i\000n\000\040\000F\000i\000n\000d\000i\000n\000g\000s}{section.5}% 21
\BOOKMARK [2][-]{subsection.5.2}{\376\377\000I\000m\000p\000l\000i\000c\000a\000t\000i\000o\000n\000s\000\040\000f\000o\000r\000\040\000I\000n\000t\000e\000r\000p\000r\000e\000t\000a\000b\000i\000l\000i\000t\000y}{section.5}% 22
\BOOKMARK [2][-]{subsection.5.3}{\376\377\000L\000i\000m\000i\000t\000a\000t\000i\000o\000n\000s}{section.5}% 23
\BOOKMARK [2][-]{subsection.5.4}{\376\377\000F\000u\000t\000u\000r\000e\000\040\000D\000i\000r\000e\000c\000t\000i\000o\000n\000s}{section.5}% 24
\BOOKMARK [1][-]{section.6}{\376\377\000C\000o\000n\000c\000l\000u\000s\000i\000o\000n}{}% 25
